<?xml version="1.0" encoding="UTF-8"?>
<testsuite xmlns:xsi="http://www.w3.org/2001/XMLSchema-instance" xsi:noNamespaceSchemaLocation="https://maven.apache.org/surefire/maven-surefire-plugin/xsd/surefire-test-report.xsd" version="3.0.2" name="com.example.bajaj.BajajApplicationTests" time="3.15" tests="1" errors="0" skipped="0" failures="0">
  <properties>
[...]
</properties>
  <testcase name="contextLoads" classname="com.example.bajaj.BajajApplicationTests" time="0.741">
    <system-out><![CDATA[16:59:39.713 [main] INFO org.springframework.test.context.support.AnnotationConfigContextLoaderUtils -- Could not detect default configuration classes for test class [com.example.bajaj.BajajApplicationTests]: BajajApplicationTests does not declare any static, non-private, non-final, nested classes annotated with @Configuration.
16:59:39.835 [main] INFO org.springframework.boot.test.context.SpringBootTestContextBootstrapper -- Found @SpringBootConfiguration com.example.bajaj.BajajApplication for test class com.example.bajaj.BajajApplicationTests

  .   ____          _            __ _ _
 /\\ / ___'_ __ _ _(_)_ __  __ _ \ \ \ \
( ( )\___ | '_ | '_| | '_ \/ _` | \ \ \ \
 \\/  ___)| |_)| | | | | || (_| |  ) ) ) )
  '  |____| .__|_| |_|_| |_\__, | / / / /
 =========|_|==============|___/=/_/_/_/

 :: Spring Boot ::               (v3.4.12)

2025-12-01T16:59:40.275+05:30  INFO 11628 --- [bajaj] [           main] c.example.bajaj.BajajApplicationTests    : Starting BajajApplicationTests using Java 17.0.12 with PID 11628 (started by IRSHAD ALI in C:\Users\IRSHAD ALI\Downloads\bajaj\bajaj)
2025-12-01T16:59:40.278+05:30  INFO 11628 --- [bajaj] [           main] c.example.bajaj.BajajApplicationTests    : No active profile set, falling back to 1 default profile: "default"
2025-12-01T16:59:41.479+05:30  INFO 11628 --- [bajaj] [           main] c.example.bajaj.BajajApplicationTests    : Started BajajApplicationTests in 1.481 seconds (process running for 2.581)
Application started, executing assignment logic...
Generating webhook...
Successfully generated webhook and received token.
Submitting SQL query...
Successfully submitted solution!
Response from server: {"success":true,"message":"Webhook processed successfully"}
Assignment logic finished.
]]></system-out>
  </testcase>
</testsuite>